<?xml version="1.0" encoding="UTF-8" ?>
<testsuite failures="1" time="0.195" errors="0" skipped="0" tests="5" name="KauppaTest">
  <properties>
    <property name="java.runtime.name" value="Java(TM) SE Runtime Environment"/>
    <property name="sun.boot.library.path" value="C:\Program Files (x86)\Java\jdk1.7.0\jre\bin"/>
    <property name="java.vm.version" value="21.0-b17"/>
    <property name="java.vm.vendor" value="Oracle Corporation"/>
    <property name="java.vendor.url" value="http://java.oracle.com/"/>
    <property name="path.separator" value=";"/>
    <property name="guice.disable.misplaced.annotation.check" value="true"/>
    <property name="java.vm.name" value="Java HotSpot(TM) Client VM"/>
    <property name="file.encoding.pkg" value="sun.io"/>
    <property name="user.script" value=""/>
    <property name="user.country" value="FI"/>
    <property name="sun.java.launcher" value="SUN_STANDARD"/>
    <property name="sun.os.patch.level" value="Service Pack 1"/>
    <property name="java.vm.specification.name" value="Java Virtual Machine Specification"/>
    <property name="user.dir" value="E:\klooni\viikko5\Verkkokauppa4"/>
    <property name="java.runtime.version" value="1.7.0-b147"/>
    <property name="java.awt.graphicsenv" value="sun.awt.Win32GraphicsEnvironment"/>
    <property name="java.endorsed.dirs" value="C:\Program Files (x86)\Java\jdk1.7.0\jre\lib\endorsed"/>
    <property name="os.arch" value="x86"/>
    <property name="java.io.tmpdir" value="C:\Users\Ilmu\AppData\Local\Temp\"/>
    <property name="line.separator" value="
"/>
    <property name="java.vm.specification.vendor" value="Oracle Corporation"/>
    <property name="user.variant" value=""/>
    <property name="os.name" value="Windows 7"/>
    <property name="classworlds.conf" value="C:\Users\Ilmu\AppData\Roaming\NetBeans\7.2\maven\bin\m2.conf"/>
    <property name="sun.jnu.encoding" value="Cp1252"/>
    <property name="java.library.path" value="C:\Program Files (x86)\Java\jdk1.7.0\bin;C:\Windows\Sun\Java\bin;C:\Windows\system32;C:\Windows;C:\Program Files (x86)\NVIDIA Corporation\PhysX\Common;C:\Program Files (x86)\AMD APP\bin\x86_64;C:\Program Files (x86)\AMD APP\bin\x86;C:\Program Files\Common Files\Microsoft Shared\Windows Live;C:\Program Files (x86)\Common Files\Microsoft Shared\Windows Live;C:\Windows\system32;C:\Windows;C:\Windows\System32\Wbem;C:\Windows\System32\WindowsPowerShell\v1.0\;C:\Program Files (x86)\ATI Technologies\ATI.ACE\Core-Static;C:\Program Files (x86)\Windows Live\Shared;C:\Program Files (x86)\GNU\GnuPG\pub;C:\Program Files\TortoiseSVN\bin;E:\Kivaa\koodaus\apache-maven-3.0.5\bin;C:\Program Files (x86)\Java\jdk1.7.0\bin;E:\Kivaa\koodaus\apache-maven-3.0.5\bin;."/>
    <property name="java.specification.name" value="Java Platform API Specification"/>
    <property name="java.class.version" value="51.0"/>
    <property name="sun.management.compiler" value="HotSpot Client Compiler"/>
    <property name="os.version" value="6.1"/>
    <property name="user.home" value="C:\Users\Ilmu"/>
    <property name="user.timezone" value="Europe/Helsinki"/>
    <property name="java.awt.printerjob" value="sun.awt.windows.WPrinterJob"/>
    <property name="java.specification.version" value="1.7"/>
    <property name="file.encoding" value="Cp1252"/>
    <property name="user.name" value="Ilmu"/>
    <property name="java.class.path" value="C:\Users\Ilmu\AppData\Roaming\NetBeans\7.2\maven\boot\plexus-classworlds-2.4.jar"/>
    <property name="java.vm.specification.version" value="1.7"/>
    <property name="sun.arch.data.model" value="32"/>
    <property name="java.home" value="C:\Program Files (x86)\Java\jdk1.7.0\jre"/>
    <property name="sun.java.command" value="org.codehaus.plexus.classworlds.launcher.Launcher test"/>
    <property name="java.specification.vendor" value="Oracle Corporation"/>
    <property name="user.language" value="fi"/>
    <property name="awt.toolkit" value="sun.awt.windows.WToolkit"/>
    <property name="java.vm.info" value="mixed mode, sharing"/>
    <property name="java.version" value="1.7.0"/>
    <property name="java.ext.dirs" value="C:\Program Files (x86)\Java\jdk1.7.0\jre\lib\ext;C:\Windows\Sun\Java\lib\ext"/>
    <property name="sun.boot.class.path" value="C:\Program Files (x86)\Java\jdk1.7.0\jre\lib\resources.jar;C:\Program Files (x86)\Java\jdk1.7.0\jre\lib\rt.jar;C:\Program Files (x86)\Java\jdk1.7.0\jre\lib\sunrsasign.jar;C:\Program Files (x86)\Java\jdk1.7.0\jre\lib\jsse.jar;C:\Program Files (x86)\Java\jdk1.7.0\jre\lib\jce.jar;C:\Program Files (x86)\Java\jdk1.7.0\jre\lib\charsets.jar;C:\Program Files (x86)\Java\jdk1.7.0\jre\classes"/>
    <property name="java.vendor" value="Oracle Corporation"/>
    <property name="maven.home" value="C:\Users\Ilmu\AppData\Roaming\NetBeans\7.2\maven"/>
    <property name="file.separator" value="\"/>
    <property name="java.vendor.url.bug" value="http://bugreport.sun.com/bugreport/"/>
    <property name="sun.cpu.endian" value="little"/>
    <property name="sun.io.unicode.encoding" value="UnicodeLittle"/>
    <property name="sun.desktop" value="windows"/>
    <property name="sun.cpu.isalist" value=""/>
  </properties>
  <testcase time="0.148" classname="KauppaTest" name="tilisiirtoOikeallaAsiakkaallaTilinumerollaJaSummalla"/>
  <testcase time="0" classname="KauppaTest" name="kaksiEriTuotettajoistatoinenLoppuJaTilisiirtooikein"/>
  <testcase time="0.001" classname="KauppaTest" name="kaksiEriTuotettaJaTilisiirtooikein"/>
  <testcase time="0.001" classname="KauppaTest" name="kaksiSamaaTuotettaJaTilisiirtoOikein"/>
  <testcase time="0.007" classname="KauppaTest" name="aloitaAsiointiNollaaOstostiedot">
    <failure message="
pankki.tilisiirto(
    &quot;pekka&quot;,
    &lt;any&gt;,
    &quot;12345&quot;,
    &lt;any&gt;,
    5
);
Wanted 1 time:
-&gt; at KauppaTest.aloitaAsiointiNollaaOstostiedot(KauppaTest.java:144)
But was 2 times. Undesired invocation:
-&gt; at ohtu.verkkokauppa.Kauppa.tilimaksu(Kauppa.java:44)
" type="org.mockito.exceptions.verification.TooManyActualInvocations">org.mockito.exceptions.verification.TooManyActualInvocations: 
pankki.tilisiirto(
    &quot;pekka&quot;,
    &lt;any&gt;,
    &quot;12345&quot;,
    &lt;any&gt;,
    5
);
Wanted 1 time:
-&gt; at KauppaTest.aloitaAsiointiNollaaOstostiedot(KauppaTest.java:144)
But was 2 times. Undesired invocation:
-&gt; at ohtu.verkkokauppa.Kauppa.tilimaksu(Kauppa.java:44)

	at KauppaTest.aloitaAsiointiNollaaOstostiedot(KauppaTest.java:144)
	at sun.reflect.NativeMethodAccessorImpl.invoke0(Native Method)
	at sun.reflect.NativeMethodAccessorImpl.invoke(NativeMethodAccessorImpl.java:57)
	at sun.reflect.DelegatingMethodAccessorImpl.invoke(DelegatingMethodAccessorImpl.java:43)
	at java.lang.reflect.Method.invoke(Method.java:601)
	at org.junit.runners.model.FrameworkMethod$1.runReflectiveCall(FrameworkMethod.java:45)
	at org.junit.internal.runners.model.ReflectiveCallable.run(ReflectiveCallable.java:15)
	at org.junit.runners.model.FrameworkMethod.invokeExplosively(FrameworkMethod.java:42)
	at org.junit.internal.runners.statements.InvokeMethod.evaluate(InvokeMethod.java:20)
	at org.junit.runners.ParentRunner.runLeaf(ParentRunner.java:263)
	at org.junit.runners.BlockJUnit4ClassRunner.runChild(BlockJUnit4ClassRunner.java:68)
	at org.junit.runners.BlockJUnit4ClassRunner.runChild(BlockJUnit4ClassRunner.java:47)
	at org.junit.runners.ParentRunner$3.run(ParentRunner.java:231)
	at org.junit.runners.ParentRunner$1.schedule(ParentRunner.java:60)
	at org.junit.runners.ParentRunner.runChildren(ParentRunner.java:229)
	at org.junit.runners.ParentRunner.access$000(ParentRunner.java:50)
	at org.junit.runners.ParentRunner$2.evaluate(ParentRunner.java:222)
	at org.junit.runners.ParentRunner.run(ParentRunner.java:300)
	at org.apache.maven.surefire.junit4.JUnit4TestSet.execute(JUnit4TestSet.java:53)
	at org.apache.maven.surefire.junit4.JUnit4Provider.executeTestSet(JUnit4Provider.java:123)
	at org.apache.maven.surefire.junit4.JUnit4Provider.invoke(JUnit4Provider.java:104)
	at sun.reflect.NativeMethodAccessorImpl.invoke0(Native Method)
	at sun.reflect.NativeMethodAccessorImpl.invoke(NativeMethodAccessorImpl.java:57)
	at sun.reflect.DelegatingMethodAccessorImpl.invoke(DelegatingMethodAccessorImpl.java:43)
	at java.lang.reflect.Method.invoke(Method.java:601)
	at org.apache.maven.surefire.util.ReflectionUtils.invokeMethodWithArray(ReflectionUtils.java:164)
	at org.apache.maven.surefire.booter.ProviderFactory$ProviderProxy.invoke(ProviderFactory.java:110)
	at org.apache.maven.surefire.booter.SurefireStarter.invokeProvider(SurefireStarter.java:175)
	at org.apache.maven.surefire.booter.SurefireStarter.runSuitesInProcessWhenForked(SurefireStarter.java:107)
	at org.apache.maven.surefire.booter.ForkedBooter.main(ForkedBooter.java:68)
</failure>
  </testcase>
</testsuite>